[18:04:23] [Server thread/INFO]: Starting minecraft server version 1.15
[18:04:23] [Server thread/INFO]: Loading properties
[18:04:24] [Server thread/INFO]: This server is running CraftBukkit version git-Spigot-f39a89e-f777640 (MC: 1.15) (Implementing API version 1.15-R0.1-SNAPSHOT)
[18:04:24] [Server thread/INFO]: Server Ping Player Sample Count: 12
[18:04:24] [Server thread/INFO]: Using 4 threads for Netty based IO
[18:04:24] [Server thread/INFO]: Debug logging is disabled
[18:04:24] [Server thread/INFO]: Default game type: SURVIVAL
[18:04:24] [Server thread/INFO]: Generating keypair
[18:04:25] [Server thread/INFO]: Starting Minecraft server on *:25565
[18:04:25] [Server thread/INFO]: Using epoll channel type
[18:04:25] [Server thread/INFO]: Preparing level "world"
[18:04:25] [Server thread/INFO]: Reloading ResourceManager: Default, bukkit
[18:04:27] [Server thread/INFO]: Loaded 6 recipes
[18:04:28] [Server thread/INFO]: -------- World Settings For [world] --------
[18:04:28] [Server thread/INFO]: Cactus Growth Modifier: 100%
[18:04:28] [Server thread/INFO]: Cane Growth Modifier: 100%
[18:04:28] [Server thread/INFO]: Melon Growth Modifier: 100%
[18:04:28] [Server thread/INFO]: Mushroom Growth Modifier: 100%
[18:04:28] [Server thread/INFO]: Pumpkin Growth Modifier: 100%
[18:04:28] [Server thread/INFO]: Sapling Growth Modifier: 100%
[18:04:28] [Server thread/INFO]: Beetroot Growth Modifier: 100%
[18:04:28] [Server thread/INFO]: Carrot Growth Modifier: 100%
[18:04:28] [Server thread/INFO]: Potato Growth Modifier: 100%
[18:04:28] [Server thread/INFO]: Wheat Growth Modifier: 100%
[18:04:28] [Server thread/INFO]: NetherWart Growth Modifier: 100%
[18:04:28] [Server thread/INFO]: Vine Growth Modifier: 100%
[18:04:28] [Server thread/INFO]: Cocoa Growth Modifier: 100%
[18:04:28] [Server thread/INFO]: Bamboo Growth Modifier: 100%
[18:04:28] [Server thread/INFO]: SweetBerry Growth Modifier: 100%
[18:04:28] [Server thread/INFO]: Kelp Growth Modifier: 100%
[18:04:28] [Server thread/INFO]: Entity Activation Range: An 32 / Mo 32 / Ra 48 / Mi 16 / Tiv true
[18:04:28] [Server thread/INFO]: Entity Tracking Range: Pl 48 / An 48 / Mo 48 / Mi 32 / Other 64
[18:04:28] [Server thread/INFO]: Hopper Transfer: 8 Hopper Check: 1 Hopper Amount: 1
[18:04:28] [Server thread/INFO]: Mob Spawn Range: 6
[18:04:28] [Server thread/INFO]: Experience Merge Radius: 3.0
[18:04:28] [Server thread/INFO]: Custom Map Seeds:  Village: 10387312 Desert: 14357617 Igloo: 14357618 Jungle: 14357619 Swamp: 14357620 Monument: 10387313Ocean: 14357621 Shipwreck: 165745295 Slime: 987234911
[18:04:28] [Server thread/INFO]: Max TNT Explosions: 100
[18:04:28] [Server thread/INFO]: Tile Max Tick Time: 50ms Entity max Tick Time: 50ms
[18:04:28] [Server thread/INFO]: Zombie Aggressive Towards Villager: true
[18:04:28] [Server thread/INFO]: View Distance: 10
[18:04:28] [Server thread/INFO]: Arrow Despawn Rate: 1200
[18:04:28] [Server thread/INFO]: Allow Zombie Pigmen to spawn from portal blocks: true
[18:04:28] [Server thread/INFO]: Item Despawn Rate: 6000
[18:04:28] [Server thread/INFO]: Item Merge Radius: 2.5
[18:04:28] [Server thread/INFO]: Nerfing mobs spawned from spawners: false
[18:04:58] [Server thread/INFO]: -------- World Settings For [world_nether] --------
[18:04:58] [Server thread/INFO]: Cactus Growth Modifier: 100%
[18:04:58] [Server thread/INFO]: Cane Growth Modifier: 100%
[18:04:58] [Server thread/INFO]: Melon Growth Modifier: 100%
[18:04:58] [Server thread/INFO]: Mushroom Growth Modifier: 100%
[18:04:58] [Server thread/INFO]: Pumpkin Growth Modifier: 100%
[18:04:58] [Server thread/INFO]: Sapling Growth Modifier: 100%
[18:04:58] [Server thread/INFO]: Beetroot Growth Modifier: 100%
[18:04:58] [Server thread/INFO]: Carrot Growth Modifier: 100%
[18:04:58] [Server thread/INFO]: Potato Growth Modifier: 100%
[18:04:58] [Server thread/INFO]: Wheat Growth Modifier: 100%
[18:04:58] [Server thread/INFO]: NetherWart Growth Modifier: 100%
[18:04:58] [Server thread/INFO]: Vine Growth Modifier: 100%
[18:04:58] [Server thread/INFO]: Cocoa Growth Modifier: 100%
[18:04:58] [Server thread/INFO]: Bamboo Growth Modifier: 100%
[18:04:58] [Server thread/INFO]: SweetBerry Growth Modifier: 100%
[18:04:58] [Server thread/INFO]: Kelp Growth Modifier: 100%
[18:04:58] [Server thread/INFO]: Entity Activation Range: An 32 / Mo 32 / Ra 48 / Mi 16 / Tiv true
[18:04:58] [Server thread/INFO]: Entity Tracking Range: Pl 48 / An 48 / Mo 48 / Mi 32 / Other 64
[18:04:58] [Server thread/INFO]: Hopper Transfer: 8 Hopper Check: 1 Hopper Amount: 1
[18:04:58] [Server thread/INFO]: Mob Spawn Range: 6
[18:04:58] [Server thread/INFO]: Experience Merge Radius: 3.0
[18:04:58] [Server thread/INFO]: Custom Map Seeds:  Village: 10387312 Desert: 14357617 Igloo: 14357618 Jungle: 14357619 Swamp: 14357620 Monument: 10387313Ocean: 14357621 Shipwreck: 165745295 Slime: 987234911
[18:04:58] [Server thread/INFO]: Max TNT Explosions: 100
[18:04:58] [Server thread/INFO]: Tile Max Tick Time: 50ms Entity max Tick Time: 50ms
[18:04:58] [Server thread/INFO]: Zombie Aggressive Towards Villager: true
[18:04:58] [Server thread/INFO]: View Distance: 10
[18:04:58] [Server thread/INFO]: Arrow Despawn Rate: 1200
[18:04:58] [Server thread/INFO]: Allow Zombie Pigmen to spawn from portal blocks: true
[18:04:58] [Server thread/INFO]: Item Despawn Rate: 6000
[18:04:58] [Server thread/INFO]: Item Merge Radius: 2.5
[18:04:58] [Server thread/INFO]: Nerfing mobs spawned from spawners: false
[18:04:58] [Server thread/INFO]: -------- World Settings For [world_the_end] --------
[18:04:58] [Server thread/INFO]: Cactus Growth Modifier: 100%
[18:04:58] [Server thread/INFO]: Cane Growth Modifier: 100%
[18:04:58] [Server thread/INFO]: Melon Growth Modifier: 100%
[18:04:58] [Server thread/INFO]: Mushroom Growth Modifier: 100%
[18:04:58] [Server thread/INFO]: Pumpkin Growth Modifier: 100%
[18:04:58] [Server thread/INFO]: Sapling Growth Modifier: 100%
[18:04:58] [Server thread/INFO]: Beetroot Growth Modifier: 100%
[18:04:58] [Server thread/INFO]: Carrot Growth Modifier: 100%
[18:04:58] [Server thread/INFO]: Potato Growth Modifier: 100%
[18:04:58] [Server thread/INFO]: Wheat Growth Modifier: 100%
[18:04:58] [Server thread/INFO]: NetherWart Growth Modifier: 100%
[18:04:58] [Server thread/INFO]: Vine Growth Modifier: 100%
[18:04:58] [Server thread/INFO]: Cocoa Growth Modifier: 100%
[18:04:58] [Server thread/INFO]: Bamboo Growth Modifier: 100%
[18:04:58] [Server thread/INFO]: SweetBerry Growth Modifier: 100%
[18:04:58] [Server thread/INFO]: Kelp Growth Modifier: 100%
[18:04:58] [Server thread/INFO]: Entity Activation Range: An 32 / Mo 32 / Ra 48 / Mi 16 / Tiv true
[18:04:58] [Server thread/INFO]: Entity Tracking Range: Pl 48 / An 48 / Mo 48 / Mi 32 / Other 64
[18:04:58] [Server thread/INFO]: Hopper Transfer: 8 Hopper Check: 1 Hopper Amount: 1
[18:04:58] [Server thread/INFO]: Mob Spawn Range: 6
[18:04:58] [Server thread/INFO]: Experience Merge Radius: 3.0
[18:04:58] [Server thread/INFO]: Custom Map Seeds:  Village: 10387312 Desert: 14357617 Igloo: 14357618 Jungle: 14357619 Swamp: 14357620 Monument: 10387313Ocean: 14357621 Shipwreck: 165745295 Slime: 987234911
[18:04:58] [Server thread/INFO]: Max TNT Explosions: 100
[18:04:58] [Server thread/INFO]: Tile Max Tick Time: 50ms Entity max Tick Time: 50ms
[18:04:58] [Server thread/INFO]: Zombie Aggressive Towards Villager: true
[18:04:58] [Server thread/INFO]: View Distance: 10
[18:04:58] [Server thread/INFO]: Arrow Despawn Rate: 1200
[18:04:58] [Server thread/INFO]: Allow Zombie Pigmen to spawn from portal blocks: true
[18:04:58] [Server thread/INFO]: Item Despawn Rate: 6000
[18:04:58] [Server thread/INFO]: Item Merge Radius: 2.5
[18:04:58] [Server thread/INFO]: Nerfing mobs spawned from spawners: false
[18:04:58] [Server thread/INFO]: Preparing start region for dimension 'world'/minecraft:overworld
[18:04:59] [Server thread/ERROR]: Chunk file at [-2, -1] is in the wrong location; relocating. (Expected [-2, -1], got [-9, -13])
[18:04:59] [Server thread/WARN]: Found invalid structure reference [ Mineshaft @ [-9, -15] ] for chunk [-2, -1].
[18:05:00] [Server thread/INFO]: Preparing spawn area: 0%
[18:05:00] [Server thread/INFO]: Preparing spawn area: 0%
[18:05:00] [Server thread/INFO]: Preparing spawn area: 0%
[18:05:00] [Server-Worker-1/INFO]: Preparing spawn area: 0%
[18:05:00] [Server thread/INFO]: Preparing spawn area: 0%
[18:05:01] [Server thread/WARN]: Wrong location! (-9, -13) should be (-2, -1), EntityPillager['Pillager'/1, l='world', x=-141.77, y=64.00, z=-195.19]
[18:05:01] [Server thread/WARN]: Wrong location! (-9, -13) should be (-2, -1), EntityPillager['Pillager'/2, l='world', x=-139.48, y=64.00, z=-199.03]
[18:05:01] [Server thread/INFO]: Time elapsed: 2617 ms
[18:05:01] [Server thread/INFO]: Preparing start region for dimension 'world_nether'/minecraft:the_nether
[18:05:03] [Server thread/INFO]: Preparing spawn area: 0%
[18:05:03] [Server thread/INFO]: Preparing spawn area: 0%
[18:05:03] [Server thread/INFO]: Preparing spawn area: 0%
[18:05:03] [Server thread/INFO]: Preparing spawn area: 0%
[18:05:03] [Server thread/INFO]: Preparing spawn area: 0%
[18:05:03] [Server thread/INFO]: Preparing spawn area: 86%
[18:05:04] [Server thread/INFO]: Time elapsed: 2608 ms
[18:05:04] [Server thread/INFO]: Preparing start region for dimension 'world_the_end'/minecraft:the_end
[18:05:04] [Server thread/INFO]: Preparing spawn area: 0%
[18:05:04] [Server-Worker-1/INFO]: Preparing spawn area: 83%
[18:05:05] [Server-Worker-1/INFO]: Preparing spawn area: 83%
[18:05:05] [Server-Worker-1/INFO]: Preparing spawn area: 91%
[18:05:05] [Server thread/INFO]: Time elapsed: 1686 ms
[18:05:05] [Server thread/INFO]: Server permissions file permissions.yml is empty, ignoring it
[18:05:05] [Server thread/INFO]: Done (40.269s)! For help, type "help"
[18:05:25] [User Authenticator #1/INFO]: UUID of player BlitzB4M is 5e0c64ac-9824-43b2-9038-45cdac9f8c26
[18:05:26] [Server thread/INFO]: BlitzB4M[/68.83.14.140:65048] logged in with entity id 154 at ([world]-61.69999998807907, 7.0, 476.5673448444244)
[18:05:32] [Server thread/WARN]: Can't keep up! Is the server overloaded? Running 5547ms or 110 ticks behind
[18:05:32] [User Authenticator #2/INFO]: UUID of player 3D_Element is 9dd6e025-88f6-4bbd-a302-ce7798d97750
[18:05:33] [Server thread/INFO]: 3D_Element[/74.89.163.33:59002] logged in with entity id 191 at ([world]1201.8606728895459, 62.308138281693196, 346.4346957549028)
[18:05:45] [User Authenticator #3/INFO]: UUID of player CplFrost121 is ec96410f-019e-49ca-9ac6-6662a515df10
[18:05:45] [Server thread/INFO]: CplFrost121[/24.0.203.4:55999] logged in with entity id 668 at ([world]254.6299517369193, 63.0, 2087.7537584751844)
[18:07:14] [User Authenticator #4/INFO]: UUID of player popcor255 is bf9ffab7-b716-4616-a3b3-ae0900d86b9b
[18:07:14] [Server thread/INFO]: popcor255[/74.89.172.29:44606] logged in with entity id 1634 at ([world]39.588437131354155, 76.0, 393.90503205309204)
[18:07:25] [Server thread/INFO]: popcor255 issued server command: /gamemode creative
[18:07:25] [Server thread/INFO]: [popcor255: Set own game mode to Creative Mode]
[18:07:49] [Server thread/WARN]: Error while deserializing minecraft:savanna_tree
[18:07:49] [Server thread/WARN]: Error while deserializing minecraft:hay_pile
[18:07:49] [Server thread/WARN]: Error while deserializing minecraft:hay_pile
[18:07:49] [Server thread/WARN]: Error while deserializing minecraft:melon_pile
[18:07:49] [Server thread/WARN]: Error while deserializing minecraft:hay_pile
[18:07:49] [Server thread/WARN]: Error while deserializing minecraft:savanna_tree
[18:07:49] [Server thread/WARN]: Error while deserializing minecraft:savanna_tree
[18:07:49] [Server thread/WARN]: Error while deserializing minecraft:savanna_tree
[18:09:07] [Server thread/INFO]: BlitzB4M has made the advancement [What a Deal!]
[18:09:25] [Server thread/INFO]: popcor255 issued server command: /gamemode sur
[18:09:28] [Server thread/INFO]: popcor255 issued server command: /gamemode survival
[18:09:28] [Server thread/INFO]: [popcor255: Set own game mode to Survival Mode]
[18:09:33] [Server thread/INFO]: popcor255 was blown up by Creeper
[18:10:57] [Server thread/INFO]: popcor255 lost connection: Disconnected
[18:10:57] [Server thread/INFO]: popcor255 left the game
[18:15:49] [Server thread/INFO]: CplFrost121 has completed the challenge [Hero of the Village]
[18:24:01] [Server thread/WARN]: 3D_Element moved wrongly!
[18:27:46] [Server thread/WARN]: Error while deserializing minecraft:plain_flower
[18:27:46] [Server thread/WARN]: Error while deserializing minecraft:hay_pile
[18:27:46] [Server thread/WARN]: Error while deserializing minecraft:hay_pile
[18:27:46] [Server thread/WARN]: Error while deserializing minecraft:hay_pile
[18:27:46] [Server thread/WARN]: Error while deserializing minecraft:hay_pile
[18:27:46] [Server thread/WARN]: Error while deserializing minecraft:hay_pile
[18:27:46] [Server thread/WARN]: Error while deserializing minecraft:normal_tree
[18:28:02] [Server thread/INFO]: CplFrost121 lost connection: Disconnected
[18:28:02] [Server thread/INFO]: CplFrost121 left the game
[18:28:55] [Server thread/WARN]: Error while deserializing minecraft:hay_pile
[18:28:55] [Server thread/WARN]: Error while deserializing minecraft:savanna_tree
[18:28:55] [Server thread/WARN]: Error while deserializing minecraft:savanna_tree
[18:28:55] [Server thread/WARN]: Error while deserializing minecraft:savanna_tree
[18:28:55] [Server thread/WARN]: Error while deserializing minecraft:hay_pile
[18:28:55] [Server thread/WARN]: Error while deserializing minecraft:savanna_tree
[18:28:55] [Server thread/WARN]: Error while deserializing minecraft:savanna_tree
[18:28:55] [Server thread/WARN]: Error while deserializing minecraft:savanna_tree
[18:29:49] [User Authenticator #5/INFO]: UUID of player CplFrost121 is ec96410f-019e-49ca-9ac6-6662a515df10
[18:29:50] [Server thread/INFO]: CplFrost121[/24.0.203.4:56127] logged in with entity id 15570 at ([world]116.6827124153655, 73.0, 391.8113745596717)
[18:30:13] [Server thread/INFO]: BlitzB4M lost connection: Disconnected
[18:30:13] [Server thread/INFO]: BlitzB4M left the game
[18:30:14] [Server thread/INFO]: CplFrost121 has made the advancement [What a Deal!]
[18:30:30] [User Authenticator #6/INFO]: UUID of player BlitzB4M is 5e0c64ac-9824-43b2-9038-45cdac9f8c26
[18:30:30] [Server thread/INFO]: BlitzB4M[/68.83.14.140:65080] logged in with entity id 16181 at ([world]310.79892914887586, 64.8500000178814, -922.6005833713642)
[18:31:04] [Server thread/WARN]: Horse moved wrongly!
[18:31:35] [Server thread/WARN]: Horse moved wrongly!
[18:35:49] [Server thread/WARN]: Horse moved wrongly!
[18:36:34] [Server thread/WARN]: Horse moved wrongly!
[18:36:50] [Server thread/INFO]: CplFrost121 lost connection: Disconnected
[18:36:50] [Server thread/INFO]: CplFrost121 left the game
[18:40:14] [Server thread/WARN]: Horse moved wrongly!
[18:40:14] [Server thread/WARN]: Horse moved wrongly!
[18:40:14] [Server thread/WARN]: Horse moved wrongly!
[18:40:14] [Server thread/WARN]: Horse moved wrongly!
[18:40:14] [Server thread/WARN]: Horse moved wrongly!
[18:40:14] [Server thread/WARN]: Horse moved wrongly!
[18:40:14] [Server thread/WARN]: Horse moved wrongly!
[18:40:14] [Server thread/WARN]: Horse moved wrongly!
[18:40:14] [Server thread/WARN]: Horse moved wrongly!
[18:40:14] [Server thread/WARN]: Horse moved wrongly!
[18:40:14] [Server thread/WARN]: Horse moved wrongly!
[18:40:14] [Server thread/WARN]: Horse moved wrongly!
[18:40:14] [Server thread/WARN]: Horse moved wrongly!
[18:40:14] [Server thread/WARN]: Horse moved wrongly!
[18:40:14] [Server thread/WARN]: Horse moved wrongly!
[18:40:14] [Server thread/WARN]: Horse moved wrongly!
[18:40:14] [Server thread/WARN]: Horse moved wrongly!
[18:40:14] [Server thread/WARN]: Horse moved wrongly!
[18:40:14] [Server thread/WARN]: Horse moved wrongly!
[18:40:14] [Server thread/WARN]: Horse moved wrongly!
[18:40:14] [Server thread/WARN]: Horse moved wrongly!
[18:40:14] [Server thread/WARN]: Horse moved wrongly!
[18:40:14] [Server thread/WARN]: Horse moved wrongly!
[18:40:14] [Server thread/WARN]: Horse moved wrongly!
[18:40:14] [Server thread/WARN]: Horse moved wrongly!
[18:40:14] [Server thread/WARN]: Horse moved wrongly!
[18:40:14] [Server thread/WARN]: Horse moved wrongly!
[18:40:14] [Server thread/WARN]: Horse moved wrongly!
[18:43:52] [Server thread/INFO]: BlitzB4M lost connection: Disconnected
[18:43:52] [Server thread/INFO]: BlitzB4M left the game
[18:54:59] [Server thread/INFO]: 3D_Element has made the advancement [Total Beelocation]
[19:19:11] [Server thread/WARN]: Mismatch in destroy block pos: BlockPosition{x=1320, y=72, z=-2445} BlockPosition{x=171, y=73, z=-307}
[19:19:11] [Server thread/WARN]: Mismatch in destroy block pos: BlockPosition{x=1320, y=72, z=-2445} BlockPosition{x=171, y=73, z=-307}
[19:19:11] [Server thread/WARN]: Mismatch in destroy block pos: BlockPosition{x=1320, y=72, z=-2445} BlockPosition{x=171, y=73, z=-307}
[19:19:11] [Server thread/WARN]: Mismatch in destroy block pos: BlockPosition{x=1320, y=72, z=-2445} BlockPosition{x=171, y=73, z=-307}
[19:19:11] [Server thread/WARN]: Mismatch in destroy block pos: BlockPosition{x=1320, y=72, z=-2445} BlockPosition{x=171, y=73, z=-307}
[19:21:56] [Server thread/WARN]: Mismatch in destroy block pos: BlockPosition{x=171, y=44, z=-283} BlockPosition{x=72, y=62, z=-204}
[19:22:27] [Server thread/WARN]: Mismatch in destroy block pos: BlockPosition{x=65, y=72, z=-171} BlockPosition{x=65, y=74, z=-171}
[19:22:27] [Server thread/WARN]: Mismatch in destroy block pos: BlockPosition{x=65, y=72, z=-171} BlockPosition{x=65, y=74, z=-171}
[19:22:28] [Server thread/WARN]: Mismatch in destroy block pos: BlockPosition{x=65, y=72, z=-171} BlockPosition{x=65, y=74, z=-169}
[19:22:28] [Server thread/WARN]: Mismatch in destroy block pos: BlockPosition{x=65, y=72, z=-171} BlockPosition{x=65, y=74, z=-169}
[19:22:29] [Server thread/WARN]: Mismatch in destroy block pos: BlockPosition{x=65, y=72, z=-171} BlockPosition{x=65, y=76, z=-168}
[19:22:29] [Server thread/WARN]: Mismatch in destroy block pos: BlockPosition{x=65, y=72, z=-171} BlockPosition{x=65, y=76, z=-168}
[20:05:11] [Server thread/INFO]: 3D_Element has made the advancement [Bee Our Guest]
[20:17:38] [Server thread/INFO]: 3D_Element lost connection: Disconnected
[20:17:38] [Server thread/INFO]: 3D_Element left the game
[21:43:29] [User Authenticator #7/INFO]: UUID of player 3D_Element is 9dd6e025-88f6-4bbd-a302-ce7798d97750
[21:43:30] [Server thread/INFO]: 3D_Element[/128.235.12.252:59862] logged in with entity id 43561 at ([world]139.48002115929722, 68.0, 398.6713295078163)
